# JRE version: Java(TM) SE Runtime Environment (16.0.2+7) (build 16.0.2+7-67)
# Java VM: Java HotSpot(TM) 64-Bit Server VM (16.0.2+7-67, mixed mode, sharing, tiered, compressed oops, compressed class ptrs, g1 gc, windows-amd64)
GC Precious Log:
 CPUs: 8 total, 8 available
 Memory: 12197M
 Large Page Support: Disabled
 NUMA Support: Disabled
 Compressed Oops: Enabled (32-bit)
 Heap Region Size: 1M
 Heap Min Capacity: 256M
 Heap Initial Capacity: 256M
 Heap Max Capacity: 512M
 Pre-touch: Disabled
 Parallel Workers: 8
 Concurrent Workers: 2
 Concurrent Refinement Workers: 8
 Periodic GC: Disabled
Heap:
 garbage-first heap   total 262144K, used 100897K [0x00000000e0000000, 0x0000000100000000)
  region size 1024K, 71 young (72704K), 11 survivors (11264K)
 Metaspace       used 47780K, committed 48256K, reserved 262144K
  class space    used 6499K, committed 6720K, reserved 212992K
GC Heap History (10 events):
Event: 0.836 GC heap before
{Heap before GC invocations=0 (full 0):
 garbage-first heap   total 262144K, used 28672K [0x00000000e0000000, 0x0000000100000000)
  region size 1024K, 23 young (23552K), 0 survivors (0K)
 Metaspace       used 3202K, committed 3328K, reserved 221184K
  class space    used 389K, committed 448K, reserved 212992K
}
Event: 0.840 GC heap after
{Heap after GC invocations=1 (full 0):
 garbage-first heap   total 262144K, used 9774K [0x00000000e0000000, 0x0000000100000000)
  region size 1024K, 3 young (3072K), 3 survivors (3072K)
 Metaspace       used 3202K, committed 3328K, reserved 221184K
  class space    used 389K, committed 448K, reserved 212992K
}
Event: 1.190 GC heap before
{Heap before GC invocations=1 (full 0):
 garbage-first heap   total 262144K, used 34350K [0x00000000e0000000, 0x0000000100000000)
  region size 1024K, 27 young (27648K), 3 survivors (3072K)
 Metaspace       used 4105K, committed 4288K, reserved 221184K
  class space    used 484K, committed 576K, reserved 212992K
}
Event: 1.193 GC heap after
{Heap after GC invocations=2 (full 0):
 garbage-first heap   total 262144K, used 9749K [0x00000000e0000000, 0x0000000100000000)
  region size 1024K, 1 young (1024K), 1 survivors (1024K)
 Metaspace       used 4105K, committed 4288K, reserved 221184K
  class space    used 484K, committed 576K, reserved 212992K
}
Event: 3.865 GC heap before
{Heap before GC invocations=2 (full 0):
 garbage-first heap   total 262144K, used 122389K [0x00000000e0000000, 0x0000000100000000)
  region size 1024K, 112 young (114688K), 1 survivors (1024K)
 Metaspace       used 20960K, committed 21248K, reserved 237568K
  class space    used 3053K, committed 3200K, reserved 212992K
}
Event: 3.874 GC heap after
{Heap after GC invocations=3 (full 0):
 garbage-first heap   total 262144K, used 20533K [0x00000000e0000000, 0x0000000100000000)
  region size 1024K, 12 young (12288K), 12 survivors (12288K)
 Metaspace       used 20960K, committed 21248K, reserved 237568K
  class space    used 3053K, committed 3200K, reserved 212992K
}
Event: 6.778 GC heap before
{Heap before GC invocations=4 (full 0):
 garbage-first heap   total 262144K, used 128053K [0x00000000e0000000, 0x0000000100000000)
  region size 1024K, 116 young (118784K), 12 survivors (12288K)
 Metaspace       used 35154K, committed 35520K, reserved 245760K
  class space    used 4814K, committed 4992K, reserved 212992K
}
Event: 6.804 GC heap after
{Heap after GC invocations=5 (full 0):
 garbage-first heap   total 262144K, used 29959K [0x00000000e0000000, 0x0000000100000000)
  region size 1024K, 10 young (10240K), 10 survivors (10240K)
 Metaspace       used 35154K, committed 35520K, reserved 245760K
  class space    used 4814K, committed 4992K, reserved 212992K
}
Event: 9.260 GC heap before
{Heap before GC invocations=6 (full 0):
 garbage-first heap   total 262144K, used 156935K [0x00000000e0000000, 0x0000000100000000)
  region size 1024K, 134 young (137216K), 10 survivors (10240K)
 Metaspace       used 46123K, committed 46592K, reserved 253952K
  class space    used 6382K, committed 6592K, reserved 212992K
}
Event: 9.277 GC heap after
{Heap after GC invocations=7 (full 0):
 garbage-first heap   total 262144K, used 40481K [0x00000000e0000000, 0x0000000100000000)
  region size 1024K, 11 young (11264K), 11 survivors (11264K)
 Metaspace       used 46123K, committed 46592K, reserved 253952K
  class space    used 6382K, committed 6592K, reserved 212992K
}

