# JRE version: Java(TM) SE Runtime Environment (16.0.2+7) (build 16.0.2+7-67)
# Java VM: Java HotSpot(TM) 64-Bit Server VM (16.0.2+7-67, mixed mode, sharing, tiered, compressed oops, compressed class ptrs, g1 gc, windows-amd64)
GC Precious Log:
 CPUs: 8 total, 8 available
 Memory: 12197M
 Large Page Support: Disabled
 NUMA Support: Disabled
 Compressed Oops: Enabled (Zero based)
 Heap Region Size: 2M
 Heap Min Capacity: 8M
 Heap Initial Capacity: 192M
 Heap Max Capacity: 3050M
 Pre-touch: Disabled
 Parallel Workers: 8
 Concurrent Workers: 2
 Concurrent Refinement Workers: 8
 Periodic GC: Disabled
Heap:
 garbage-first heap   total 98304K, used 56495K [0x0000000741600000, 0x0000000800000000)
  region size 2048K, 21 young (43008K), 2 survivors (4096K)
 Metaspace       used 50188K, committed 50496K, reserved 1097728K
  class space    used 6699K, committed 6848K, reserved 1048576K
GC Heap History (20 events):
Event: 3.596 GC heap before
{Heap before GC invocations=2 (full 0):
 garbage-first heap   total 196608K, used 109835K [0x0000000741600000, 0x0000000800000000)
  region size 2048K, 53 young (108544K), 1 survivors (2048K)
 Metaspace       used 20939K, committed 21248K, reserved 1073152K
  class space    used 2589K, committed 2688K, reserved 1048576K
}
Event: 3.602 GC heap after
{Heap after GC invocations=3 (full 0):
 garbage-first heap   total 196608K, used 11222K [0x0000000741600000, 0x0000000800000000)
  region size 2048K, 3 young (6144K), 3 survivors (6144K)
 Metaspace       used 20939K, committed 21248K, reserved 1073152K
  class space    used 2589K, committed 2688K, reserved 1048576K
}
Event: 4.175 GC heap before
{Heap before GC invocations=4 (full 0):
 garbage-first heap   total 49152K, used 33750K [0x0000000741600000, 0x0000000800000000)
  region size 2048K, 14 young (28672K), 3 survivors (6144K)
 Metaspace       used 25036K, committed 25344K, reserved 1073152K
  class space    used 3103K, committed 3200K, reserved 1048576K
}
Event: 4.185 GC heap after
{Heap after GC invocations=5 (full 0):
 garbage-first heap   total 49152K, used 13543K [0x0000000741600000, 0x0000000800000000)
  region size 2048K, 2 young (4096K), 2 survivors (4096K)
 Metaspace       used 25036K, committed 25344K, reserved 1073152K
  class space    used 3103K, committed 3200K, reserved 1048576K
}
Event: 4.203 GC heap before
{Heap before GC invocations=5 (full 0):
 garbage-first heap   total 49152K, used 27879K [0x0000000741600000, 0x0000000800000000)
  region size 2048K, 10 young (20480K), 2 survivors (4096K)
 Metaspace       used 25036K, committed 25344K, reserved 1073152K
  class space    used 3103K, committed 3200K, reserved 1048576K
}
Event: 4.210 GC heap after
{Heap after GC invocations=6 (full 0):
 garbage-first heap   total 49152K, used 13602K [0x0000000741600000, 0x0000000800000000)
  region size 2048K, 1 young (2048K), 1 survivors (2048K)
 Metaspace       used 25036K, committed 25344K, reserved 1073152K
  class space    used 3103K, committed 3200K, reserved 1048576K
}
Event: 4.252 GC heap before
{Heap before GC invocations=6 (full 0):
 garbage-first heap   total 49152K, used 29986K [0x0000000741600000, 0x0000000800000000)
  region size 2048K, 10 young (20480K), 1 survivors (2048K)
 Metaspace       used 25047K, committed 25344K, reserved 1073152K
  class space    used 3103K, committed 3200K, reserved 1048576K
}
Event: 4.253 GC heap after
{Heap after GC invocations=7 (full 0):
 garbage-first heap   total 49152K, used 13755K [0x0000000741600000, 0x0000000800000000)
  region size 2048K, 1 young (2048K), 1 survivors (2048K)
 Metaspace       used 25047K, committed 25344K, reserved 1073152K
  class space    used 3103K, committed 3200K, reserved 1048576K
}
Event: 4.863 GC heap before
{Heap before GC invocations=7 (full 0):
 garbage-first heap   total 49152K, used 32187K [0x0000000741600000, 0x0000000800000000)
  region size 2048K, 10 young (20480K), 1 survivors (2048K)
 Metaspace       used 27940K, committed 28288K, reserved 1081344K
  class space    used 3489K, committed 3648K, reserved 1048576K
}
Event: 4.865 GC heap after
{Heap after GC invocations=8 (full 0):
 garbage-first heap   total 49152K, used 14555K [0x0000000741600000, 0x0000000800000000)
  region size 2048K, 1 young (2048K), 1 survivors (2048K)
 Metaspace       used 27940K, committed 28288K, reserved 1081344K
  class space    used 3489K, committed 3648K, reserved 1048576K
}
Event: 5.764 GC heap before
{Heap before GC invocations=8 (full 0):
 garbage-first heap   total 49152K, used 35035K [0x0000000741600000, 0x0000000800000000)
  region size 2048K, 11 young (22528K), 1 survivors (2048K)
 Metaspace       used 32541K, committed 32832K, reserved 1081344K
  class space    used 4114K, committed 4224K, reserved 1048576K
}
Event: 5.768 GC heap after
{Heap after GC invocations=9 (full 0):
 garbage-first heap   total 49152K, used 15975K [0x0000000741600000, 0x0000000800000000)
  region size 2048K, 2 young (4096K), 2 survivors (4096K)
 Metaspace       used 32541K, committed 32832K, reserved 1081344K
  class space    used 4114K, committed 4224K, reserved 1048576K
}
Event: 6.679 GC heap before
{Heap before GC invocations=9 (full 0):
 garbage-first heap   total 49152K, used 26215K [0x0000000741600000, 0x0000000800000000)
  region size 2048K, 8 young (16384K), 2 survivors (4096K)
 Metaspace       used 35178K, committed 35520K, reserved 1081344K
  class space    used 4603K, committed 4800K, reserved 1048576K
}
Event: 6.684 GC heap after
{Heap after GC invocations=10 (full 0):
 garbage-first heap   total 49152K, used 16713K [0x0000000741600000, 0x0000000800000000)
  region size 2048K, 2 young (4096K), 2 survivors (4096K)
 Metaspace       used 35178K, committed 35520K, reserved 1081344K
  class space    used 4603K, committed 4800K, reserved 1048576K
}
Event: 7.304 GC heap before
{Heap before GC invocations=11 (full 0):
 garbage-first heap   total 49152K, used 33097K [0x0000000741600000, 0x0000000800000000)
  region size 2048K, 10 young (20480K), 2 survivors (4096K)
 Metaspace       used 39094K, committed 39424K, reserved 1089536K
  class space    used 5098K, committed 5248K, reserved 1048576K
}
Event: 7.307 GC heap after
{Heap after GC invocations=12 (full 0):
 garbage-first heap   total 49152K, used 17466K [0x0000000741600000, 0x0000000800000000)
  region size 2048K, 1 young (2048K), 1 survivors (2048K)
 Metaspace       used 39094K, committed 39424K, reserved 1089536K
  class space    used 5098K, committed 5248K, reserved 1048576K
}
Event: 7.736 GC heap before
{Heap before GC invocations=12 (full 0):
 garbage-first heap   total 49152K, used 35898K [0x0000000741600000, 0x0000000800000000)
  region size 2048K, 10 young (20480K), 1 survivors (2048K)
 Metaspace       used 42572K, committed 42880K, reserved 1089536K
  class space    used 5714K, committed 5888K, reserved 1048576K
}
Event: 7.751 GC heap after
{Heap after GC invocations=13 (full 0):
 garbage-first heap   total 49152K, used 18350K [0x0000000741600000, 0x0000000800000000)
  region size 2048K, 2 young (4096K), 2 survivors (4096K)
 Metaspace       used 42572K, committed 42880K, reserved 1089536K
  class space    used 5714K, committed 5888K, reserved 1048576K
}
Event: 8.071 GC heap before
{Heap before GC invocations=13 (full 0):
 garbage-first heap   total 49152K, used 36782K [0x0000000741600000, 0x0000000800000000)
  region size 2048K, 11 young (22528K), 2 survivors (4096K)
 Metaspace       used 45314K, committed 45632K, reserved 1089536K
  class space    used 6080K, committed 6208K, reserved 1048576K
}
Event: 8.075 GC heap after
{Heap after GC invocations=14 (full 0):
 garbage-first heap   total 98304K, used 19631K [0x0000000741600000, 0x0000000800000000)
  region size 2048K, 2 young (4096K), 2 survivors (4096K)
 Metaspace       used 45314K, committed 45632K, reserved 1089536K
  class space    used 6080K, committed 6208K, reserved 1048576K
}

