# JRE version: Java(TM) SE Runtime Environment (8.0_291-b10) (build 1.8.0_291-b10)
# Java VM: Java HotSpot(TM) 64-Bit Server VM (25.291-b10 mixed mode windows-amd64 compressed oops)
Heap:
 PSYoungGen      total 160768K, used 48307K [0x0000000780780000, 0x000000078b180000, 0x00000007c0000000)
  eden space 149504K, 32% used [0x0000000780780000,0x00000007836acd40,0x0000000789980000)
  from space 11264K, 0% used [0x000000078a680000,0x000000078a680000,0x000000078b180000)
  to   space 12288K, 0% used [0x0000000789980000,0x0000000789980000,0x000000078a580000)
 ParOldGen       total 123392K, used 14426K [0x0000000701600000, 0x0000000708e80000, 0x0000000780780000)
  object space 123392K, 11% used [0x0000000701600000,0x0000000702416978,0x0000000708e80000)
 Metaspace       used 39525K, capacity 41586K, committed 41816K, reserved 1087488K
  class space    used 5310K, capacity 5689K, committed 5720K, reserved 1048576K
GC Heap History (10 events):
Event: 1.380 GC heap before
{Heap before GC invocations=4 (full 0):
 PSYoungGen      total 57344K, used 21699K [0x0000000780780000, 0x0000000787780000, 0x00000007c0000000)
  eden space 49152K, 32% used [0x0000000780780000,0x00000007816f2f68,0x0000000783780000)
  from space 8192K, 71% used [0x0000000783780000,0x0000000783d3dde0,0x0000000783f80000)
  to   space 8192K, 0% used [0x0000000786f80000,0x0000000786f80000,0x0000000787780000)
 ParOldGen       total 131072K, used 1241K [0x0000000701600000, 0x0000000709600000, 0x0000000780780000)
  object space 131072K, 0% used [0x0000000701600000,0x00000007017367b0,0x0000000709600000)
 Metaspace       used 20218K, capacity 21178K, committed 21248K, reserved 1067008K
  class space    used 2536K, capacity 2769K, committed 2816K, reserved 1048576K
Event: 1.384 GC heap after
Heap after GC invocations=4 (full 0):
 PSYoungGen      total 106496K, used 6650K [0x0000000780780000, 0x0000000787780000, 0x00000007c0000000)
  eden space 98304K, 0% used [0x0000000780780000,0x0000000780780000,0x0000000786780000)
  from space 8192K, 81% used [0x0000000786f80000,0x00000007875feb10,0x0000000787780000)
  to   space 8192K, 0% used [0x0000000786780000,0x0000000786780000,0x0000000786f80000)
 ParOldGen       total 131072K, used 1249K [0x0000000701600000, 0x0000000709600000, 0x0000000780780000)
  object space 131072K, 0% used [0x0000000701600000,0x00000007017387b0,0x0000000709600000)
 Metaspace       used 20218K, capacity 21178K, committed 21248K, reserved 1067008K
  class space    used 2536K, capacity 2769K, committed 2816K, reserved 1048576K
}
Event: 1.384 GC heap before
{Heap before GC invocations=5 (full 1):
 PSYoungGen      total 106496K, used 6650K [0x0000000780780000, 0x0000000787780000, 0x00000007c0000000)
  eden space 98304K, 0% used [0x0000000780780000,0x0000000780780000,0x0000000786780000)
  from space 8192K, 81% used [0x0000000786f80000,0x00000007875feb10,0x0000000787780000)
  to   space 8192K, 0% used [0x0000000786780000,0x0000000786780000,0x0000000786f80000)
 ParOldGen       total 131072K, used 1249K [0x0000000701600000, 0x0000000709600000, 0x0000000780780000)
  object space 131072K, 0% used [0x0000000701600000,0x00000007017387b0,0x0000000709600000)
 Metaspace       used 20218K, capacity 21178K, committed 21248K, reserved 1067008K
  class space    used 2536K, capacity 2769K, committed 2816K, reserved 1048576K
Event: 1.408 GC heap after
Heap after GC invocations=5 (full 1):
 PSYoungGen      total 106496K, used 0K [0x0000000780780000, 0x0000000787780000, 0x00000007c0000000)
  eden space 98304K, 0% used [0x0000000780780000,0x0000000780780000,0x0000000786780000)
  from space 8192K, 0% used [0x0000000786f80000,0x0000000786f80000,0x0000000787780000)
  to   space 8192K, 0% used [0x0000000786780000,0x0000000786780000,0x0000000786f80000)
 ParOldGen       total 77824K, used 6481K [0x0000000701600000, 0x0000000706200000, 0x0000000780780000)
  object space 77824K, 8% used [0x0000000701600000,0x0000000701c54798,0x0000000706200000)
 Metaspace       used 20218K, capacity 21178K, committed 21248K, reserved 1067008K
  class space    used 2536K, capacity 2769K, committed 2816K, reserved 1048576K
}
Event: 2.813 GC heap before
{Heap before GC invocations=6 (full 1):
 PSYoungGen      total 106496K, used 98304K [0x0000000780780000, 0x0000000787780000, 0x00000007c0000000)
  eden space 98304K, 100% used [0x0000000780780000,0x0000000786780000,0x0000000786780000)
  from space 8192K, 0% used [0x0000000786f80000,0x0000000786f80000,0x0000000787780000)
  to   space 8192K, 0% used [0x0000000786780000,0x0000000786780000,0x0000000786f80000)
 ParOldGen       total 77824K, used 6481K [0x0000000701600000, 0x0000000706200000, 0x0000000780780000)
  object space 77824K, 8% used [0x0000000701600000,0x0000000701c54798,0x0000000706200000)
 Metaspace       used 27901K, capacity 29676K, committed 29824K, reserved 1075200K
  class space    used 3591K, capacity 3916K, committed 3968K, reserved 1048576K
Event: 2.822 GC heap after
Heap after GC invocations=6 (full 1):
 PSYoungGen      total 106496K, used 8170K [0x0000000780780000, 0x000000078b200000, 0x00000007c0000000)
  eden space 98304K, 0% used [0x0000000780780000,0x0000000780780000,0x0000000786780000)
  from space 8192K, 99% used [0x0000000786780000,0x0000000786f7a970,0x0000000786f80000)
  to   space 11776K, 0% used [0x000000078a680000,0x000000078a680000,0x000000078b200000)
 ParOldGen       total 77824K, used 8910K [0x0000000701600000, 0x0000000706200000, 0x0000000780780000)
  object space 77824K, 11% used [0x0000000701600000,0x0000000701eb38b0,0x0000000706200000)
 Metaspace       used 27901K, capacity 29676K, committed 29824K, reserved 1075200K
  class space    used 3591K, capacity 3916K, committed 3968K, reserved 1048576K
}
Event: 3.508 GC heap before
{Heap before GC invocations=7 (full 1):
 PSYoungGen      total 106496K, used 83841K [0x0000000780780000, 0x000000078b200000, 0x00000007c0000000)
  eden space 98304K, 76% used [0x0000000780780000,0x0000000785165e80,0x0000000786780000)
  from space 8192K, 99% used [0x0000000786780000,0x0000000786f7a970,0x0000000786f80000)
  to   space 11776K, 0% used [0x000000078a680000,0x000000078a680000,0x000000078b200000)
 ParOldGen       total 77824K, used 8910K [0x0000000701600000, 0x0000000706200000, 0x0000000780780000)
  object space 77824K, 11% used [0x0000000701600000,0x0000000701eb38b0,0x0000000706200000)
 Metaspace       used 33346K, capacity 35312K, committed 35416K, reserved 1079296K
  class space    used 4264K, capacity 4636K, committed 4696K, reserved 1048576K
Event: 3.517 GC heap after
Heap after GC invocations=7 (full 1):
 PSYoungGen      total 160768K, used 9961K [0x0000000780780000, 0x000000078b180000, 0x00000007c0000000)
  eden space 149504K, 0% used [0x0000000780780000,0x0000000780780000,0x0000000789980000)
  from space 11264K, 88% used [0x000000078a680000,0x000000078b03a5b0,0x000000078b180000)
  to   space 12288K, 0% used [0x0000000789980000,0x0000000789980000,0x000000078a580000)
 ParOldGen       total 77824K, used 8918K [0x0000000701600000, 0x0000000706200000, 0x0000000780780000)
  object space 77824K, 11% used [0x0000000701600000,0x0000000701eb58b0,0x0000000706200000)
 Metaspace       used 33346K, capacity 35312K, committed 35416K, reserved 1079296K
  class space    used 4264K, capacity 4636K, committed 4696K, reserved 1048576K
}
Event: 3.517 GC heap before
{Heap before GC invocations=8 (full 2):
 PSYoungGen      total 160768K, used 9961K [0x0000000780780000, 0x000000078b180000, 0x00000007c0000000)
  eden space 149504K, 0% used [0x0000000780780000,0x0000000780780000,0x0000000789980000)
  from space 11264K, 88% used [0x000000078a680000,0x000000078b03a5b0,0x000000078b180000)
  to   space 12288K, 0% used [0x0000000789980000,0x0000000789980000,0x000000078a580000)
 ParOldGen       total 77824K, used 8918K [0x0000000701600000, 0x0000000706200000, 0x0000000780780000)
  object space 77824K, 11% used [0x0000000701600000,0x0000000701eb58b0,0x0000000706200000)
 Metaspace       used 33346K, capacity 35312K, committed 35416K, reserved 1079296K
  class space    used 4264K, capacity 4636K, committed 4696K, reserved 1048576K
Event: 3.567 GC heap after
Heap after GC invocations=8 (full 2):
 PSYoungGen      total 160768K, used 0K [0x0000000780780000, 0x000000078b180000, 0x00000007c0000000)
  eden space 149504K, 0% used [0x0000000780780000,0x0000000780780000,0x0000000789980000)
  from space 11264K, 0% used [0x000000078a680000,0x000000078a680000,0x000000078b180000)
  to   space 12288K, 0% used [0x0000000789980000,0x0000000789980000,0x000000078a580000)
 ParOldGen       total 123392K, used 14426K [0x0000000701600000, 0x0000000708e80000, 0x0000000780780000)
  object space 123392K, 11% used [0x0000000701600000,0x0000000702416978,0x0000000708e80000)
 Metaspace       used 33346K, capacity 35312K, committed 35416K, reserved 1079296K
  class space    used 4264K, capacity 4636K, committed 4696K, reserved 1048576K
}

